
*** Running vivado
    with args -log fifo_generator_0.vds -m64 -product Vivado -mode batch -messageDb vivado.pb -notrace -source fifo_generator_0.tcl


****** Vivado v2018.3 (64-bit)
  **** SW Build 2405991 on Thu Dec  6 23:38:27 MST 2018
  **** IP Build 2404404 on Fri Dec  7 01:43:56 MST 2018
    ** Copyright 1986-2018 Xilinx, Inc. All Rights Reserved.

source fifo_generator_0.tcl -notrace
Command: synth_design -top fifo_generator_0 -part xc7k325tffg900-2 -mode out_of_context
Starting synth_design
Attempting to get a license for feature 'Synthesis' and/or device 'xc7k325t'
INFO: [Common 17-349] Got license for feature 'Synthesis' and/or device 'xc7k325t'
INFO: Launching helper process for spawning children vivado processes
INFO: Helper process launched with PID 7376 
---------------------------------------------------------------------------------
Starting RTL Elaboration : Time (s): cpu = 00:00:07 ; elapsed = 00:00:08 . Memory (MB): peak = 484.301 ; gain = 106.602
---------------------------------------------------------------------------------
INFO: [Synth 8-638] synthesizing module 'fifo_generator_0' [c:/Users/Administrator/Desktop/FPGAUSB/CYUSB3014/FPGASource/USBLoopBack/USBLoopBack/USBLoopBack.srcs/sources_1/ip/fifo_generator_0/synth/fifo_generator_0.vhd:74]
	Parameter C_COMMON_CLOCK bound to: 1 - type: integer 
	Parameter C_SELECT_XPM bound to: 0 - type: integer 
	Parameter C_COUNT_TYPE bound to: 0 - type: integer 
	Parameter C_DATA_COUNT_WIDTH bound to: 10 - type: integer 
	Parameter C_DEFAULT_VALUE bound to: BlankString - type: string 
	Parameter C_DIN_WIDTH bound to: 32 - type: integer 
	Parameter C_DOUT_RST_VAL bound to: 0 - type: string 
	Parameter C_DOUT_WIDTH bound to: 32 - type: integer 
	Parameter C_ENABLE_RLOCS bound to: 0 - type: integer 
	Parameter C_FAMILY bound to: kintex7 - type: string 
	Parameter C_FULL_FLAGS_RST_VAL bound to: 0 - type: integer 
	Parameter C_HAS_ALMOST_EMPTY bound to: 0 - type: integer 
	Parameter C_HAS_ALMOST_FULL bound to: 0 - type: integer 
	Parameter C_HAS_BACKUP bound to: 0 - type: integer 
	Parameter C_HAS_DATA_COUNT bound to: 0 - type: integer 
	Parameter C_HAS_INT_CLK bound to: 0 - type: integer 
	Parameter C_HAS_MEMINIT_FILE bound to: 0 - type: integer 
	Parameter C_HAS_OVERFLOW bound to: 0 - type: integer 
	Parameter C_HAS_RD_DATA_COUNT bound to: 0 - type: integer 
	Parameter C_HAS_RD_RST bound to: 0 - type: integer 
	Parameter C_HAS_RST bound to: 1 - type: integer 
	Parameter C_HAS_SRST bound to: 0 - type: integer 
	Parameter C_HAS_UNDERFLOW bound to: 0 - type: integer 
	Parameter C_HAS_VALID bound to: 0 - type: integer 
	Parameter C_HAS_WR_ACK bound to: 0 - type: integer 
	Parameter C_HAS_WR_DATA_COUNT bound to: 0 - type: integer 
	Parameter C_HAS_WR_RST bound to: 0 - type: integer 
	Parameter C_IMPLEMENTATION_TYPE bound to: 6 - type: integer 
	Parameter C_INIT_WR_PNTR_VAL bound to: 0 - type: integer 
	Parameter C_MEMORY_TYPE bound to: 4 - type: integer 
	Parameter C_MIF_FILE_NAME bound to: BlankString - type: string 
	Parameter C_OPTIMIZATION_MODE bound to: 0 - type: integer 
	Parameter C_OVERFLOW_LOW bound to: 0 - type: integer 
	Parameter C_PRELOAD_LATENCY bound to: 1 - type: integer 
	Parameter C_PRELOAD_REGS bound to: 0 - type: integer 
	Parameter C_PRIM_FIFO_TYPE bound to: 1kx36 - type: string 
	Parameter C_PROG_EMPTY_THRESH_ASSERT_VAL bound to: 2 - type: integer 
	Parameter C_PROG_EMPTY_THRESH_NEGATE_VAL bound to: 3 - type: integer 
	Parameter C_PROG_EMPTY_TYPE bound to: 1 - type: integer 
	Parameter C_PROG_FULL_THRESH_ASSERT_VAL bound to: 3 - type: integer 
	Parameter C_PROG_FULL_THRESH_NEGATE_VAL bound to: 2 - type: integer 
	Parameter C_PROG_FULL_TYPE bound to: 1 - type: integer 
	Parameter C_RD_DATA_COUNT_WIDTH bound to: 10 - type: integer 
	Parameter C_RD_DEPTH bound to: 1024 - type: integer 
	Parameter C_RD_FREQ bound to: 1 - type: integer 
	Parameter C_RD_PNTR_WIDTH bound to: 10 - type: integer 
	Parameter C_UNDERFLOW_LOW bound to: 0 - type: integer 
	Parameter C_USE_DOUT_RST bound to: 0 - type: integer 
	Parameter C_USE_ECC bound to: 0 - type: integer 
	Parameter C_USE_EMBEDDED_REG bound to: 0 - type: integer 
	Parameter C_USE_PIPELINE_REG bound to: 0 - type: integer 
	Parameter C_POWER_SAVING_MODE bound to: 0 - type: integer 
	Parameter C_USE_FIFO16_FLAGS bound to: 0 - type: integer 
	Parameter C_USE_FWFT_DATA_COUNT bound to: 0 - type: integer 
	Parameter C_VALID_LOW bound to: 0 - type: integer 
	Parameter C_WR_ACK_LOW bound to: 0 - type: integer 
	Parameter C_WR_DATA_COUNT_WIDTH bound to: 10 - type: integer 
	Parameter C_WR_DEPTH bound to: 1024 - type: integer 
	Parameter C_WR_FREQ bound to: 1 - type: integer 
	Parameter C_WR_PNTR_WIDTH bound to: 10 - type: integer 
	Parameter C_WR_RESPONSE_LATENCY bound to: 1 - type: integer 
	Parameter C_MSGON_VAL bound to: 1 - type: integer 
	Parameter C_ENABLE_RST_SYNC bound to: 1 - type: integer 
	Parameter C_EN_SAFETY_CKT bound to: 0 - type: integer 
	Parameter C_ERROR_INJECTION_TYPE bound to: 0 - type: integer 
	Parameter C_SYNCHRONIZER_STAGE bound to: 2 - type: integer 
	Parameter C_INTERFACE_TYPE bound to: 0 - type: integer 
	Parameter C_AXI_TYPE bound to: 1 - type: integer 
	Parameter C_HAS_AXI_WR_CHANNEL bound to: 1 - type: integer 
	Parameter C_HAS_AXI_RD_CHANNEL bound to: 1 - type: integer 
	Parameter C_HAS_SLAVE_CE bound to: 0 - type: integer 
	Parameter C_HAS_MASTER_CE bound to: 0 - type: integer 
	Parameter C_ADD_NGC_CONSTRAINT bound to: 0 - type: integer 
	Parameter C_USE_COMMON_OVERFLOW bound to: 0 - type: integer 
	Parameter C_USE_COMMON_UNDERFLOW bound to: 0 - type: integer 
	Parameter C_USE_DEFAULT_SETTINGS bound to: 0 - type: integer 
	Parameter C_AXI_ID_WIDTH bound to: 1 - type: integer 
	Parameter C_AXI_ADDR_WIDTH bound to: 32 - type: integer 
	Parameter C_AXI_DATA_WIDTH bound to: 64 - type: integer 
	Parameter C_AXI_LEN_WIDTH bound to: 8 - type: integer 
	Parameter C_AXI_LOCK_WIDTH bound to: 1 - type: integer 
	Parameter C_HAS_AXI_ID bound to: 0 - type: integer 
	Parameter C_HAS_AXI_AWUSER bound to: 0 - type: integer 
	Parameter C_HAS_AXI_WUSER bound to: 0 - type: integer 
	Parameter C_HAS_AXI_BUSER bound to: 0 - type: integer 
	Parameter C_HAS_AXI_ARUSER bound to: 0 - type: integer 
	Parameter C_HAS_AXI_RUSER bound to: 0 - type: integer 
	Parameter C_AXI_ARUSER_WIDTH bound to: 1 - type: integer 
	Parameter C_AXI_AWUSER_WIDTH bound to: 1 - type: integer 
	Parameter C_AXI_WUSER_WIDTH bound to: 1 - type: integer 
	Parameter C_AXI_BUSER_WIDTH bound to: 1 - type: integer 
	Parameter C_AXI_RUSER_WIDTH bound to: 1 - type: integer 
	Parameter C_HAS_AXIS_TDATA bound to: 1 - type: integer 
	Parameter C_HAS_AXIS_TID bound to: 0 - type: integer 
	Parameter C_HAS_AXIS_TDEST bound to: 0 - type: integer 
	Parameter C_HAS_AXIS_TUSER bound to: 1 - type: integer 
	Parameter C_HAS_AXIS_TREADY bound to: 1 - type: integer 
	Parameter C_HAS_AXIS_TLAST bound to: 0 - type: integer 
	Parameter C_HAS_AXIS_TSTRB bound to: 0 - type: integer 
	Parameter C_HAS_AXIS_TKEEP bound to: 0 - type: integer 
	Parameter C_AXIS_TDATA_WIDTH bound to: 8 - type: integer 
	Parameter C_AXIS_TID_WIDTH bound to: 1 - type: integer 
	Parameter C_AXIS_TDEST_WIDTH bound to: 1 - type: integer 
	Parameter C_AXIS_TUSER_WIDTH bound to: 4 - type: integer 
	Parameter C_AXIS_TSTRB_WIDTH bound to: 1 - type: integer 
	Parameter C_AXIS_TKEEP_WIDTH bound to: 1 - type: integer 
	Parameter C_WACH_TYPE bound to: 0 - type: integer 
	Parameter C_WDCH_TYPE bound to: 0 - type: integer 
	Parameter C_WRCH_TYPE bound to: 0 - type: integer 
	Parameter C_RACH_TYPE bound to: 0 - type: integer 
	Parameter C_RDCH_TYPE bound to: 0 - type: integer 
	Parameter C_AXIS_TYPE bound to: 0 - type: integer 
	Parameter C_IMPLEMENTATION_TYPE_WACH bound to: 1 - type: integer 
	Parameter C_IMPLEMENTATION_TYPE_WDCH bound to: 1 - type: integer 
	Parameter C_IMPLEMENTATION_TYPE_WRCH bound to: 1 - type: integer 
	Parameter C_IMPLEMENTATION_TYPE_RACH bound to: 1 - type: integer 
	Parameter C_IMPLEMENTATION_TYPE_RDCH bound to: 1 - type: integer 
	Parameter C_IMPLEMENTATION_TYPE_AXIS bound to: 1 - type: integer 
	Parameter C_APPLICATION_TYPE_WACH bound to: 0 - type: integer 
	Parameter C_APPLICATION_TYPE_WDCH bound to: 0 - type: integer 
	Parameter C_APPLICATION_TYPE_WRCH bound to: 0 - type: integer 
	Parameter C_APPLICATION_TYPE_RACH bound to: 0 - type: integer 
	Parameter C_APPLICATION_TYPE_RDCH bound to: 0 - type: integer 
	Parameter C_APPLICATION_TYPE_AXIS bound to: 0 - type: integer 
	Parameter C_PRIM_FIFO_TYPE_WACH bound to: 512x36 - type: string 
	Parameter C_PRIM_FIFO_TYPE_WDCH bound to: 1kx36 - type: string 
	Parameter C_PRIM_FIFO_TYPE_WRCH bound to: 512x36 - type: string 
	Parameter C_PRIM_FIFO_TYPE_RACH bound to: 512x36 - type: string 
	Parameter C_PRIM_FIFO_TYPE_RDCH bound to: 1kx36 - type: string 
	Parameter C_PRIM_FIFO_TYPE_AXIS bound to: 1kx18 - type: string 
	Parameter C_USE_ECC_WACH bound to: 0 - type: integer 
	Parameter C_USE_ECC_WDCH bound to: 0 - type: integer 
	Parameter C_USE_ECC_WRCH bound to: 0 - type: integer 
	Parameter C_USE_ECC_RACH bound to: 0 - type: integer 
	Parameter C_USE_ECC_RDCH bound to: 0 - type: integer 
	Parameter C_USE_ECC_AXIS bound to: 0 - type: integer 
	Parameter C_ERROR_INJECTION_TYPE_WACH bound to: 0 - type: integer 
	Parameter C_ERROR_INJECTION_TYPE_WDCH bound to: 0 - type: integer 
	Parameter C_ERROR_INJECTION_TYPE_WRCH bound to: 0 - type: integer 
	Parameter C_ERROR_INJECTION_TYPE_RACH bound to: 0 - type: integer 
	Parameter C_ERROR_INJECTION_TYPE_RDCH bound to: 0 - type: integer 
	Parameter C_ERROR_INJECTION_TYPE_AXIS bound to: 0 - type: integer 
	Parameter C_DIN_WIDTH_WACH bound to: 1 - type: integer 
	Parameter C_DIN_WIDTH_WDCH bound to: 64 - type: integer 
	Parameter C_DIN_WIDTH_WRCH bound to: 2 - type: integer 
	Parameter C_DIN_WIDTH_RACH bound to: 32 - type: integer 
	Parameter C_DIN_WIDTH_RDCH bound to: 64 - type: integer 
	Parameter C_DIN_WIDTH_AXIS bound to: 1 - type: integer 
	Parameter C_WR_DEPTH_WACH bound to: 16 - type: integer 
	Parameter C_WR_DEPTH_WDCH bound to: 1024 - type: integer 
	Parameter C_WR_DEPTH_WRCH bound to: 16 - type: integer 
	Parameter C_WR_DEPTH_RACH bound to: 16 - type: integer 
	Parameter C_WR_DEPTH_RDCH bound to: 1024 - type: integer 
	Parameter C_WR_DEPTH_AXIS bound to: 1024 - type: integer 
	Parameter C_WR_PNTR_WIDTH_WACH bound to: 4 - type: integer 
	Parameter C_WR_PNTR_WIDTH_WDCH bound to: 10 - type: integer 
	Parameter C_WR_PNTR_WIDTH_WRCH bound to: 4 - type: integer 
	Parameter C_WR_PNTR_WIDTH_RACH bound to: 4 - type: integer 
	Parameter C_WR_PNTR_WIDTH_RDCH bound to: 10 - type: integer 
	Parameter C_WR_PNTR_WIDTH_AXIS bound to: 10 - type: integer 
	Parameter C_HAS_DATA_COUNTS_WACH bound to: 0 - type: integer 
	Parameter C_HAS_DATA_COUNTS_WDCH bound to: 0 - type: integer 
	Parameter C_HAS_DATA_COUNTS_WRCH bound to: 0 - type: integer 
	Parameter C_HAS_DATA_COUNTS_RACH bound to: 0 - type: integer 
	Parameter C_HAS_DATA_COUNTS_RDCH bound to: 0 - type: integer 
	Parameter C_HAS_DATA_COUNTS_AXIS bound to: 0 - type: integer 
	Parameter C_HAS_PROG_FLAGS_WACH bound to: 0 - type: integer 
	Parameter C_HAS_PROG_FLAGS_WDCH bound to: 0 - type: integer 
	Parameter C_HAS_PROG_FLAGS_WRCH bound to: 0 - type: integer 
	Parameter C_HAS_PROG_FLAGS_RACH bound to: 0 - type: integer 
	Parameter C_HAS_PROG_FLAGS_RDCH bound to: 0 - type: integer 
	Parameter C_HAS_PROG_FLAGS_AXIS bound to: 0 - type: integer 
	Parameter C_PROG_FULL_TYPE_WACH bound to: 0 - type: integer 
	Parameter C_PROG_FULL_TYPE_WDCH bound to: 0 - type: integer 
	Parameter C_PROG_FULL_TYPE_WRCH bound to: 0 - type: integer 
	Parameter C_PROG_FULL_TYPE_RACH bound to: 0 - type: integer 
	Parameter C_PROG_FULL_TYPE_RDCH bound to: 0 - type: integer 
	Parameter C_PROG_FULL_TYPE_AXIS bound to: 0 - type: integer 
	Parameter C_PROG_FULL_THRESH_ASSERT_VAL_WACH bound to: 1023 - type: integer 
	Parameter C_PROG_FULL_THRESH_ASSERT_VAL_WDCH bound to: 1023 - type: integer 
	Parameter C_PROG_FULL_THRESH_ASSERT_VAL_WRCH bound to: 1023 - type: integer 
	Parameter C_PROG_FULL_THRESH_ASSERT_VAL_RACH bound to: 1023 - type: integer 
	Parameter C_PROG_FULL_THRESH_ASSERT_VAL_RDCH bound to: 1023 - type: integer 
	Parameter C_PROG_FULL_THRESH_ASSERT_VAL_AXIS bound to: 1023 - type: integer 
	Parameter C_PROG_EMPTY_TYPE_WACH bound to: 0 - type: integer 
	Parameter C_PROG_EMPTY_TYPE_WDCH bound to: 0 - type: integer 
	Parameter C_PROG_EMPTY_TYPE_WRCH bound to: 0 - type: integer 
	Parameter C_PROG_EMPTY_TYPE_RACH bound to: 0 - type: integer 
	Parameter C_PROG_EMPTY_TYPE_RDCH bound to: 0 - type: integer 
	Parameter C_PROG_EMPTY_TYPE_AXIS bound to: 0 - type: integer 
	Parameter C_PROG_EMPTY_THRESH_ASSERT_VAL_WACH bound to: 1022 - type: integer 
	Parameter C_PROG_EMPTY_THRESH_ASSERT_VAL_WDCH bound to: 1022 - type: integer 
	Parameter C_PROG_EMPTY_THRESH_ASSERT_VAL_WRCH bound to: 1022 - type: integer 
	Parameter C_PROG_EMPTY_THRESH_ASSERT_VAL_RACH bound to: 1022 - type: integer 
	Parameter C_PROG_EMPTY_THRESH_ASSERT_VAL_RDCH bound to: 1022 - type: integer 
	Parameter C_PROG_EMPTY_THRESH_ASSERT_VAL_AXIS bound to: 1022 - type: integer 
	Parameter C_REG_SLICE_MODE_WACH bound to: 0 - type: integer 
	Parameter C_REG_SLICE_MODE_WDCH bound to: 0 - type: integer 
	Parameter C_REG_SLICE_MODE_WRCH bound to: 0 - type: integer 
	Parameter C_REG_SLICE_MODE_RACH bound to: 0 - type: integer 
	Parameter C_REG_SLICE_MODE_RDCH bound to: 0 - type: integer 
	Parameter C_REG_SLICE_MODE_AXIS bound to: 0 - type: integer 
INFO: [Synth 8-3491] module 'fifo_generator_v13_2_3' declared at 'c:/Users/Administrator/Desktop/FPGAUSB/CYUSB3014/FPGASource/USBLoopBack/USBLoopBack/USBLoopBack.srcs/sources_1/ip/fifo_generator_0/hdl/fifo_generator_v13_2_vhsyn_rfs.vhd:38578' bound to instance 'U0' of component 'fifo_generator_v13_2_3' [c:/Users/Administrator/Desktop/FPGAUSB/CYUSB3014/FPGASource/USBLoopBack/USBLoopBack/USBLoopBack.srcs/sources_1/ip/fifo_generator_0/synth/fifo_generator_0.vhd:542]
INFO: [Synth 8-256] done synthesizing module 'fifo_generator_0' (11#1) [c:/Users/Administrator/Desktop/FPGAUSB/CYUSB3014/FPGASource/USBLoopBack/USBLoopBack/USBLoopBack.srcs/sources_1/ip/fifo_generator_0/synth/fifo_generator_0.vhd:74]
WARNING: [Synth 8-3331] design builtin_extdepth_v6 has unconnected port INT_CLK
WARNING: [Synth 8-3331] design builtin_extdepth_v6 has unconnected port PROG_FULL_THRESH[9]
WARNING: [Synth 8-3331] design builtin_extdepth_v6 has unconnected port PROG_FULL_THRESH[8]
WARNING: [Synth 8-3331] design builtin_extdepth_v6 has unconnected port PROG_FULL_THRESH[7]
WARNING: [Synth 8-3331] design builtin_extdepth_v6 has unconnected port PROG_FULL_THRESH[6]
WARNING: [Synth 8-3331] design builtin_extdepth_v6 has unconnected port PROG_FULL_THRESH[5]
WARNING: [Synth 8-3331] design builtin_extdepth_v6 has unconnected port PROG_FULL_THRESH[4]
WARNING: [Synth 8-3331] design builtin_extdepth_v6 has unconnected port PROG_FULL_THRESH[3]
WARNING: [Synth 8-3331] design builtin_extdepth_v6 has unconnected port PROG_FULL_THRESH[2]
WARNING: [Synth 8-3331] design builtin_extdepth_v6 has unconnected port PROG_FULL_THRESH[1]
WARNING: [Synth 8-3331] design builtin_extdepth_v6 has unconnected port PROG_FULL_THRESH[0]
WARNING: [Synth 8-3331] design builtin_extdepth_v6 has unconnected port PROG_FULL_THRESH_ASSERT[9]
WARNING: [Synth 8-3331] design builtin_extdepth_v6 has unconnected port PROG_FULL_THRESH_ASSERT[8]
WARNING: [Synth 8-3331] design builtin_extdepth_v6 has unconnected port PROG_FULL_THRESH_ASSERT[7]
WARNING: [Synth 8-3331] design builtin_extdepth_v6 has unconnected port PROG_FULL_THRESH_ASSERT[6]
WARNING: [Synth 8-3331] design builtin_extdepth_v6 has unconnected port PROG_FULL_THRESH_ASSERT[5]
WARNING: [Synth 8-3331] design builtin_extdepth_v6 has unconnected port PROG_FULL_THRESH_ASSERT[4]
WARNING: [Synth 8-3331] design builtin_extdepth_v6 has unconnected port PROG_FULL_THRESH_ASSERT[3]
WARNING: [Synth 8-3331] design builtin_extdepth_v6 has unconnected port PROG_FULL_THRESH_ASSERT[2]
WARNING: [Synth 8-3331] design builtin_extdepth_v6 has unconnected port PROG_FULL_THRESH_ASSERT[1]
WARNING: [Synth 8-3331] design builtin_extdepth_v6 has unconnected port PROG_FULL_THRESH_ASSERT[0]
WARNING: [Synth 8-3331] design builtin_extdepth_v6 has unconnected port PROG_FULL_THRESH_NEGATE[9]
WARNING: [Synth 8-3331] design builtin_extdepth_v6 has unconnected port PROG_FULL_THRESH_NEGATE[8]
WARNING: [Synth 8-3331] design builtin_extdepth_v6 has unconnected port PROG_FULL_THRESH_NEGATE[7]
WARNING: [Synth 8-3331] design builtin_extdepth_v6 has unconnected port PROG_FULL_THRESH_NEGATE[6]
WARNING: [Synth 8-3331] design builtin_extdepth_v6 has unconnected port PROG_FULL_THRESH_NEGATE[5]
WARNING: [Synth 8-3331] design builtin_extdepth_v6 has unconnected port PROG_FULL_THRESH_NEGATE[4]
WARNING: [Synth 8-3331] design builtin_extdepth_v6 has unconnected port PROG_FULL_THRESH_NEGATE[3]
WARNING: [Synth 8-3331] design builtin_extdepth_v6 has unconnected port PROG_FULL_THRESH_NEGATE[2]
WARNING: [Synth 8-3331] design builtin_extdepth_v6 has unconnected port PROG_FULL_THRESH_NEGATE[1]
WARNING: [Synth 8-3331] design builtin_extdepth_v6 has unconnected port PROG_FULL_THRESH_NEGATE[0]
WARNING: [Synth 8-3331] design builtin_extdepth_v6 has unconnected port PROG_EMPTY_THRESH[9]
WARNING: [Synth 8-3331] design builtin_extdepth_v6 has unconnected port PROG_EMPTY_THRESH[8]
WARNING: [Synth 8-3331] design builtin_extdepth_v6 has unconnected port PROG_EMPTY_THRESH[7]
WARNING: [Synth 8-3331] design builtin_extdepth_v6 has unconnected port PROG_EMPTY_THRESH[6]
WARNING: [Synth 8-3331] design builtin_extdepth_v6 has unconnected port PROG_EMPTY_THRESH[5]
WARNING: [Synth 8-3331] design builtin_extdepth_v6 has unconnected port PROG_EMPTY_THRESH[4]
WARNING: [Synth 8-3331] design builtin_extdepth_v6 has unconnected port PROG_EMPTY_THRESH[3]
WARNING: [Synth 8-3331] design builtin_extdepth_v6 has unconnected port PROG_EMPTY_THRESH[2]
WARNING: [Synth 8-3331] design builtin_extdepth_v6 has unconnected port PROG_EMPTY_THRESH[1]
WARNING: [Synth 8-3331] design builtin_extdepth_v6 has unconnected port PROG_EMPTY_THRESH[0]
WARNING: [Synth 8-3331] design builtin_extdepth_v6 has unconnected port PROG_EMPTY_THRESH_ASSERT[9]
WARNING: [Synth 8-3331] design builtin_extdepth_v6 has unconnected port PROG_EMPTY_THRESH_ASSERT[8]
WARNING: [Synth 8-3331] design builtin_extdepth_v6 has unconnected port PROG_EMPTY_THRESH_ASSERT[7]
WARNING: [Synth 8-3331] design builtin_extdepth_v6 has unconnected port PROG_EMPTY_THRESH_ASSERT[6]
WARNING: [Synth 8-3331] design builtin_extdepth_v6 has unconnected port PROG_EMPTY_THRESH_ASSERT[5]
WARNING: [Synth 8-3331] design builtin_extdepth_v6 has unconnected port PROG_EMPTY_THRESH_ASSERT[4]
WARNING: [Synth 8-3331] design builtin_extdepth_v6 has unconnected port PROG_EMPTY_THRESH_ASSERT[3]
WARNING: [Synth 8-3331] design builtin_extdepth_v6 has unconnected port PROG_EMPTY_THRESH_ASSERT[2]
WARNING: [Synth 8-3331] design builtin_extdepth_v6 has unconnected port PROG_EMPTY_THRESH_ASSERT[1]
WARNING: [Synth 8-3331] design builtin_extdepth_v6 has unconnected port PROG_EMPTY_THRESH_ASSERT[0]
WARNING: [Synth 8-3331] design builtin_extdepth_v6 has unconnected port PROG_EMPTY_THRESH_NEGATE[9]
WARNING: [Synth 8-3331] design builtin_extdepth_v6 has unconnected port PROG_EMPTY_THRESH_NEGATE[8]
WARNING: [Synth 8-3331] design builtin_extdepth_v6 has unconnected port PROG_EMPTY_THRESH_NEGATE[7]
WARNING: [Synth 8-3331] design builtin_extdepth_v6 has unconnected port PROG_EMPTY_THRESH_NEGATE[6]
WARNING: [Synth 8-3331] design builtin_extdepth_v6 has unconnected port PROG_EMPTY_THRESH_NEGATE[5]
WARNING: [Synth 8-3331] design builtin_extdepth_v6 has unconnected port PROG_EMPTY_THRESH_NEGATE[4]
WARNING: [Synth 8-3331] design builtin_extdepth_v6 has unconnected port PROG_EMPTY_THRESH_NEGATE[3]
WARNING: [Synth 8-3331] design builtin_extdepth_v6 has unconnected port PROG_EMPTY_THRESH_NEGATE[2]
WARNING: [Synth 8-3331] design builtin_extdepth_v6 has unconnected port PROG_EMPTY_THRESH_NEGATE[1]
WARNING: [Synth 8-3331] design builtin_extdepth_v6 has unconnected port PROG_EMPTY_THRESH_NEGATE[0]
WARNING: [Synth 8-3331] design builtin_extdepth_v6 has unconnected port INJECTDBITERR
WARNING: [Synth 8-3331] design builtin_extdepth_v6 has unconnected port INJECTSBITERR
WARNING: [Synth 8-3331] design reset_builtin has unconnected port WR_CLK
WARNING: [Synth 8-3331] design reset_builtin has unconnected port RD_CLK
WARNING: [Synth 8-3331] design reset_builtin has unconnected port INT_CLK
WARNING: [Synth 8-3331] design output_blk has unconnected port ALMOST_FULL_I
WARNING: [Synth 8-3331] design output_blk has unconnected port ALMOST_EMPTY_I
WARNING: [Synth 8-3331] design output_blk has unconnected port WR_ACK_I
WARNING: [Synth 8-3331] design output_blk has unconnected port VALID_I
WARNING: [Synth 8-3331] design output_blk has unconnected port OVERFLOW_I
WARNING: [Synth 8-3331] design output_blk has unconnected port UNDERFLOW_I
WARNING: [Synth 8-3331] design output_blk has unconnected port DATA_COUNT_I[8]
WARNING: [Synth 8-3331] design output_blk has unconnected port DATA_COUNT_I[7]
WARNING: [Synth 8-3331] design output_blk has unconnected port DATA_COUNT_I[6]
WARNING: [Synth 8-3331] design output_blk has unconnected port DATA_COUNT_I[5]
WARNING: [Synth 8-3331] design output_blk has unconnected port DATA_COUNT_I[4]
WARNING: [Synth 8-3331] design output_blk has unconnected port DATA_COUNT_I[3]
WARNING: [Synth 8-3331] design output_blk has unconnected port DATA_COUNT_I[2]
WARNING: [Synth 8-3331] design output_blk has unconnected port DATA_COUNT_I[1]
WARNING: [Synth 8-3331] design output_blk has unconnected port DATA_COUNT_I[0]
WARNING: [Synth 8-3331] design output_blk has unconnected port WR_DATA_COUNT_I[8]
WARNING: [Synth 8-3331] design output_blk has unconnected port WR_DATA_COUNT_I[7]
WARNING: [Synth 8-3331] design output_blk has unconnected port WR_DATA_COUNT_I[6]
WARNING: [Synth 8-3331] design output_blk has unconnected port WR_DATA_COUNT_I[5]
WARNING: [Synth 8-3331] design output_blk has unconnected port WR_DATA_COUNT_I[4]
WARNING: [Synth 8-3331] design output_blk has unconnected port WR_DATA_COUNT_I[3]
WARNING: [Synth 8-3331] design output_blk has unconnected port WR_DATA_COUNT_I[2]
WARNING: [Synth 8-3331] design output_blk has unconnected port WR_DATA_COUNT_I[1]
WARNING: [Synth 8-3331] design output_blk has unconnected port WR_DATA_COUNT_I[0]
WARNING: [Synth 8-3331] design output_blk has unconnected port RD_DATA_COUNT_I[8]
WARNING: [Synth 8-3331] design output_blk has unconnected port RD_DATA_COUNT_I[7]
WARNING: [Synth 8-3331] design output_blk has unconnected port RD_DATA_COUNT_I[6]
WARNING: [Synth 8-3331] design output_blk has unconnected port RD_DATA_COUNT_I[5]
WARNING: [Synth 8-3331] design output_blk has unconnected port RD_DATA_COUNT_I[4]
WARNING: [Synth 8-3331] design output_blk has unconnected port RD_DATA_COUNT_I[3]
WARNING: [Synth 8-3331] design output_blk has unconnected port RD_DATA_COUNT_I[2]
WARNING: [Synth 8-3331] design output_blk has unconnected port RD_DATA_COUNT_I[1]
WARNING: [Synth 8-3331] design output_blk has unconnected port RD_DATA_COUNT_I[0]
WARNING: [Synth 8-3331] design output_blk has unconnected port SBITERR_I
INFO: [Common 17-14] Message 'Synth 8-3331' appears 100 times and further instances of the messages will be disabled. Use the Tcl command set_msg_config to change the current settings.
---------------------------------------------------------------------------------
Finished RTL Elaboration : Time (s): cpu = 00:00:13 ; elapsed = 00:00:16 . Memory (MB): peak = 640.531 ; gain = 262.832
---------------------------------------------------------------------------------

Report Check Netlist: 
+------+------------------+-------+---------+-------+------------------+
|      |Item              |Errors |Warnings |Status |Description       |
+------+------------------+-------+---------+-------+------------------+
|1     |multi_driven_nets |      0|        0|Passed |Multi driven nets |
+------+------------------+-------+---------+-------+------------------+
---------------------------------------------------------------------------------
Start Handling Custom Attributes
---------------------------------------------------------------------------------
---------------------------------------------------------------------------------
Finished Handling Custom Attributes : Time (s): cpu = 00:00:13 ; elapsed = 00:00:16 . Memory (MB): peak = 640.531 ; gain = 262.832
---------------------------------------------------------------------------------
---------------------------------------------------------------------------------
Finished RTL Optimization Phase 1 : Time (s): cpu = 00:00:13 ; elapsed = 00:00:16 . Memory (MB): peak = 640.531 ; gain = 262.832
---------------------------------------------------------------------------------
INFO: [Netlist 29-17] Analyzing 1 Unisim elements for replacement
INFO: [Netlist 29-28] Unisim Transformation completed in 0 CPU seconds
INFO: [Device 21-403] Loading part xc7k325tffg900-2
INFO: [Project 1-570] Preparing netlist for logic optimization

Processing XDC Constraints
Initializing timing engine
Parsing XDC File [c:/Users/Administrator/Desktop/FPGAUSB/CYUSB3014/FPGASource/USBLoopBack/USBLoopBack/USBLoopBack.srcs/sources_1/ip/fifo_generator_0/fifo_generator_0_ooc.xdc] for cell 'U0'
Finished Parsing XDC File [c:/Users/Administrator/Desktop/FPGAUSB/CYUSB3014/FPGASource/USBLoopBack/USBLoopBack/USBLoopBack.srcs/sources_1/ip/fifo_generator_0/fifo_generator_0_ooc.xdc] for cell 'U0'
Parsing XDC File [c:/Users/Administrator/Desktop/FPGAUSB/CYUSB3014/FPGASource/USBLoopBack/USBLoopBack/USBLoopBack.srcs/sources_1/ip/fifo_generator_0/fifo_generator_0.xdc] for cell 'U0'
Finished Parsing XDC File [c:/Users/Administrator/Desktop/FPGAUSB/CYUSB3014/FPGASource/USBLoopBack/USBLoopBack/USBLoopBack.srcs/sources_1/ip/fifo_generator_0/fifo_generator_0.xdc] for cell 'U0'
Parsing XDC File [C:/Users/Administrator/Desktop/FPGAUSB/CYUSB3014/FPGASource/USBLoopBack/USBLoopBack/USBLoopBack.runs/fifo_generator_0_synth_1/dont_touch.xdc]
Finished Parsing XDC File [C:/Users/Administrator/Desktop/FPGAUSB/CYUSB3014/FPGASource/USBLoopBack/USBLoopBack/USBLoopBack.runs/fifo_generator_0_synth_1/dont_touch.xdc]
Completed Processing XDC Constraints

Netlist sorting complete. Time (s): cpu = 00:00:00 ; elapsed = 00:00:00 . Memory (MB): peak = 850.262 ; gain = 0.000
INFO: [Project 1-111] Unisim Transformation Summary:
No Unisim elements were transformed.

Netlist sorting complete. Time (s): cpu = 00:00:00 ; elapsed = 00:00:00 . Memory (MB): peak = 850.262 ; gain = 0.000
Constraint Validation Runtime : Time (s): cpu = 00:00:00 ; elapsed = 00:00:00.018 . Memory (MB): peak = 851.766 ; gain = 1.504
---------------------------------------------------------------------------------
Finished Constraint Validation : Time (s): cpu = 00:00:21 ; elapsed = 00:00:25 . Memory (MB): peak = 851.766 ; gain = 474.066
---------------------------------------------------------------------------------
---------------------------------------------------------------------------------
Start Loading Part and Timing Information
---------------------------------------------------------------------------------
Loading part: xc7k325tffg900-2
---------------------------------------------------------------------------------
Finished Loading Part and Timing Information : Time (s): cpu = 00:00:21 ; elapsed = 00:00:25 . Memory (MB): peak = 851.766 ; gain = 474.066
---------------------------------------------------------------------------------
---------------------------------------------------------------------------------
Start Applying 'set_property' XDC Constraints
---------------------------------------------------------------------------------
Applied set_property DONT_TOUCH = true for U0. (constraint file  C:/Users/Administrator/Desktop/FPGAUSB/CYUSB3014/FPGASource/USBLoopBack/USBLoopBack/USBLoopBack.runs/fifo_generator_0_synth_1/dont_touch.xdc, line 9).
---------------------------------------------------------------------------------
Finished applying 'set_property' XDC Constraints : Time (s): cpu = 00:00:21 ; elapsed = 00:00:25 . Memory (MB): peak = 851.766 ; gain = 474.066
---------------------------------------------------------------------------------
---------------------------------------------------------------------------------
Finished RTL Optimization Phase 2 : Time (s): cpu = 00:00:21 ; elapsed = 00:00:25 . Memory (MB): peak = 851.766 ; gain = 474.066
---------------------------------------------------------------------------------

Report RTL Partitions: 
+-+--------------+------------+----------+
| |RTL Partition |Replication |Instances |
+-+--------------+------------+----------+
+-+--------------+------------+----------+
---------------------------------------------------------------------------------
Start RTL Component Statistics 
---------------------------------------------------------------------------------
Detailed RTL Component Info : 
+---Registers : 
	                6 Bit    Registers := 1     
	                5 Bit    Registers := 1     
	                1 Bit    Registers := 7     
---------------------------------------------------------------------------------
Finished RTL Component Statistics 
---------------------------------------------------------------------------------
---------------------------------------------------------------------------------
Start RTL Hierarchical Component Statistics 
---------------------------------------------------------------------------------
Hierarchical RTL Component report 
Module reset_builtin 
Detailed RTL Component Info : 
+---Registers : 
	                6 Bit    Registers := 1     
	                5 Bit    Registers := 1     
	                1 Bit    Registers := 3     
Module builtin_prim_v6 
Detailed RTL Component Info : 
+---Registers : 
	                1 Bit    Registers := 2     
Module builtin_top_v6 
Detailed RTL Component Info : 
+---Registers : 
	                1 Bit    Registers := 2     
---------------------------------------------------------------------------------
Finished RTL Hierarchical Component Statistics
---------------------------------------------------------------------------------
---------------------------------------------------------------------------------
Start Part Resource Summary
---------------------------------------------------------------------------------
Part Resources:
DSPs: 840 (col length:140)
BRAMs: 890 (col length: RAMB18 140 RAMB36 70)
---------------------------------------------------------------------------------
Finished Part Resource Summary
---------------------------------------------------------------------------------
---------------------------------------------------------------------------------
Start Cross Boundary and Area Optimization
---------------------------------------------------------------------------------
Warning: Parallel synthesis criteria is not met 
---------------------------------------------------------------------------------
Finished Cross Boundary and Area Optimization : Time (s): cpu = 00:00:22 ; elapsed = 00:00:26 . Memory (MB): peak = 851.766 ; gain = 474.066
---------------------------------------------------------------------------------

Report RTL Partitions: 
+-+--------------+------------+----------+
| |RTL Partition |Replication |Instances |
+-+--------------+------------+----------+
+-+--------------+------------+----------+
---------------------------------------------------------------------------------
Start Applying XDC Timing Constraints
---------------------------------------------------------------------------------
---------------------------------------------------------------------------------
Finished Applying XDC Timing Constraints : Time (s): cpu = 00:00:28 ; elapsed = 00:00:33 . Memory (MB): peak = 909.246 ; gain = 531.547
---------------------------------------------------------------------------------
---------------------------------------------------------------------------------
Start Timing Optimization
---------------------------------------------------------------------------------
---------------------------------------------------------------------------------
Finished Timing Optimization : Time (s): cpu = 00:00:28 ; elapsed = 00:00:33 . Memory (MB): peak = 909.586 ; gain = 531.887
---------------------------------------------------------------------------------

Report RTL Partitions: 
+-+--------------+------------+----------+
| |RTL Partition |Replication |Instances |
+-+--------------+------------+----------+
+-+--------------+------------+----------+
---------------------------------------------------------------------------------
Start Technology Mapping
---------------------------------------------------------------------------------
---------------------------------------------------------------------------------
Finished Technology Mapping : Time (s): cpu = 00:00:28 ; elapsed = 00:00:33 . Memory (MB): peak = 919.250 ; gain = 541.551
---------------------------------------------------------------------------------

Report RTL Partitions: 
+-+--------------+------------+----------+
| |RTL Partition |Replication |Instances |
+-+--------------+------------+----------+
+-+--------------+------------+----------+
---------------------------------------------------------------------------------
Start IO Insertion
---------------------------------------------------------------------------------
---------------------------------------------------------------------------------
Start Flattening Before IO Insertion
---------------------------------------------------------------------------------
---------------------------------------------------------------------------------
Finished Flattening Before IO Insertion
---------------------------------------------------------------------------------
---------------------------------------------------------------------------------
Start Final Netlist Cleanup
---------------------------------------------------------------------------------
---------------------------------------------------------------------------------
Finished Final Netlist Cleanup
---------------------------------------------------------------------------------
---------------------------------------------------------------------------------
Finished IO Insertion : Time (s): cpu = 00:00:29 ; elapsed = 00:00:34 . Memory (MB): peak = 919.250 ; gain = 541.551
---------------------------------------------------------------------------------

Report Check Netlist: 
+------+------------------+-------+---------+-------+------------------+
|      |Item              |Errors |Warnings |Status |Description       |
+------+------------------+-------+---------+-------+------------------+
|1     |multi_driven_nets |      0|        0|Passed |Multi driven nets |
+------+------------------+-------+---------+-------+------------------+
---------------------------------------------------------------------------------
Start Renaming Generated Instances
---------------------------------------------------------------------------------
---------------------------------------------------------------------------------
Finished Renaming Generated Instances : Time (s): cpu = 00:00:29 ; elapsed = 00:00:34 . Memory (MB): peak = 919.250 ; gain = 541.551
---------------------------------------------------------------------------------

Report RTL Partitions: 
+-+--------------+------------+----------+
| |RTL Partition |Replication |Instances |
+-+--------------+------------+----------+
+-+--------------+------------+----------+
---------------------------------------------------------------------------------
Start Rebuilding User Hierarchy
---------------------------------------------------------------------------------
---------------------------------------------------------------------------------
Finished Rebuilding User Hierarchy : Time (s): cpu = 00:00:29 ; elapsed = 00:00:34 . Memory (MB): peak = 919.250 ; gain = 541.551
---------------------------------------------------------------------------------
---------------------------------------------------------------------------------
Start Renaming Generated Ports
---------------------------------------------------------------------------------
---------------------------------------------------------------------------------
Finished Renaming Generated Ports : Time (s): cpu = 00:00:29 ; elapsed = 00:00:34 . Memory (MB): peak = 919.250 ; gain = 541.551
---------------------------------------------------------------------------------
---------------------------------------------------------------------------------
Start Handling Custom Attributes
---------------------------------------------------------------------------------
---------------------------------------------------------------------------------
Finished Handling Custom Attributes : Time (s): cpu = 00:00:29 ; elapsed = 00:00:34 . Memory (MB): peak = 919.250 ; gain = 541.551
---------------------------------------------------------------------------------
---------------------------------------------------------------------------------
Start Renaming Generated Nets
---------------------------------------------------------------------------------
---------------------------------------------------------------------------------
Finished Renaming Generated Nets : Time (s): cpu = 00:00:29 ; elapsed = 00:00:34 . Memory (MB): peak = 919.250 ; gain = 541.551
---------------------------------------------------------------------------------
---------------------------------------------------------------------------------
Start ROM, RAM, DSP and Shift Register Reporting
---------------------------------------------------------------------------------

Static Shift Register Report:
+-----------------------+--------------------------------------------------------------------------------+--------+-------+--------------+--------------------+-------------------+--------+---------+
|Module Name            | RTL Name                                                                       | Length | Width | Reset Signal | Pull out first Reg | Pull out last Reg | SRL16E | SRLC32E | 
+-----------------------+--------------------------------------------------------------------------------+--------+-------+--------------+--------------------+-------------------+--------+---------+
|fifo_generator_v13_2_3 | inst_fifo_gen/gconvfifo.rf/gbi.bi/g7ser_birst.rstbt/rsync.rcc.wr_rst_fb_reg[0] | 5      | 1     | NO           | NO                 | YES               | 1      | 0       | 
+-----------------------+--------------------------------------------------------------------------------+--------+-------+--------------+--------------------+-------------------+--------+---------+

---------------------------------------------------------------------------------
Finished ROM, RAM, DSP and Shift Register Reporting
---------------------------------------------------------------------------------
---------------------------------------------------------------------------------
Start Writing Synthesis Report
---------------------------------------------------------------------------------

Report BlackBoxes: 
+-+--------------+----------+
| |BlackBox name |Instances |
+-+--------------+----------+
+-+--------------+----------+

Report Cell Usage: 
+------+---------+------+
|      |Cell     |Count |
+------+---------+------+
|1     |FIFO36E1 |     1|
|2     |LUT1     |    12|
|3     |LUT2     |     2|
|4     |SRL16E   |     1|
|5     |FDCE     |     1|
|6     |FDPE     |     4|
|7     |FDRE     |     7|
+------+---------+------+

Report Instance Areas: 
+------+-------------------------------------------+-------------------------------+------+
|      |Instance                                   |Module                         |Cells |
+------+-------------------------------------------+-------------------------------+------+
|1     |top                                        |                               |    28|
|2     |  U0                                       |fifo_generator_v13_2_3         |    28|
|3     |    inst_fifo_gen                          |fifo_generator_v13_2_3_synth   |    28|
|4     |      \gconvfifo.rf                        |fifo_generator_top             |    28|
|5     |        \gbi.bi                            |fifo_generator_v13_2_3_builtin |    28|
|6     |          \g7ser_birst.rstbt               |reset_builtin                  |    21|
|7     |          \v7_bi_fifo.fblk                 |builtin_top_v6                 |     7|
|8     |            \gextw[1].gnll_fifo.inst_extd  |builtin_extdepth_v6            |     7|
|9     |              \gonep.inst_prim             |builtin_prim_v6                |     3|
+------+-------------------------------------------+-------------------------------+------+
---------------------------------------------------------------------------------
Finished Writing Synthesis Report : Time (s): cpu = 00:00:29 ; elapsed = 00:00:34 . Memory (MB): peak = 919.250 ; gain = 541.551
---------------------------------------------------------------------------------
Synthesis finished with 0 errors, 0 critical warnings and 485 warnings.
Synthesis Optimization Runtime : Time (s): cpu = 00:00:10 ; elapsed = 00:00:27 . Memory (MB): peak = 919.250 ; gain = 330.316
Synthesis Optimization Complete : Time (s): cpu = 00:00:29 ; elapsed = 00:00:34 . Memory (MB): peak = 919.250 ; gain = 541.551
INFO: [Project 1-571] Translating synthesized netlist
INFO: [Netlist 29-17] Analyzing 1 Unisim elements for replacement
INFO: [Netlist 29-28] Unisim Transformation completed in 0 CPU seconds
INFO: [Project 1-570] Preparing netlist for logic optimization
INFO: [Opt 31-138] Pushed 0 inverter(s) to 0 load pin(s).
Netlist sorting complete. Time (s): cpu = 00:00:00 ; elapsed = 00:00:00 . Memory (MB): peak = 939.668 ; gain = 0.000
INFO: [Project 1-111] Unisim Transformation Summary:
No Unisim elements were transformed.

INFO: [Common 17-83] Releasing license: Synthesis
17 Infos, 100 Warnings, 0 Critical Warnings and 0 Errors encountered.
synth_design completed successfully
synth_design: Time (s): cpu = 00:00:33 ; elapsed = 00:00:39 . Memory (MB): peak = 939.668 ; gain = 573.434
INFO: [Common 17-600] The following parameters have non-default value.
tcl.collectionResultDisplayLimit
Netlist sorting complete. Time (s): cpu = 00:00:00 ; elapsed = 00:00:00 . Memory (MB): peak = 939.668 ; gain = 0.000
WARNING: [Constraints 18-5210] No constraints selected for write.
Resolution: This message can indicate that there are no constraints for the design, or it can indicate that the used_in flags are set such that the constraints are ignored. This later case is used when running synth_design to not write synthesis constraints to the resulting checkpoint. Instead, project constraints are read when the synthesized design is opened.
INFO: [Common 17-1381] The checkpoint 'C:/Users/Administrator/Desktop/FPGAUSB/CYUSB3014/FPGASource/USBLoopBack/USBLoopBack/USBLoopBack.runs/fifo_generator_0_synth_1/fifo_generator_0.dcp' has been generated.
INFO: [Coretcl 2-1648] Added synthesis output to IP cache for IP fifo_generator_0, cache-ID = 368b442931f95121
INFO: [Coretcl 2-1174] Renamed 8 cell refs.
Netlist sorting complete. Time (s): cpu = 00:00:00 ; elapsed = 00:00:00 . Memory (MB): peak = 939.668 ; gain = 0.000
WARNING: [Constraints 18-5210] No constraints selected for write.
Resolution: This message can indicate that there are no constraints for the design, or it can indicate that the used_in flags are set such that the constraints are ignored. This later case is used when running synth_design to not write synthesis constraints to the resulting checkpoint. Instead, project constraints are read when the synthesized design is opened.
INFO: [Common 17-1381] The checkpoint 'C:/Users/Administrator/Desktop/FPGAUSB/CYUSB3014/FPGASource/USBLoopBack/USBLoopBack/USBLoopBack.runs/fifo_generator_0_synth_1/fifo_generator_0.dcp' has been generated.
INFO: [runtcl-4] Executing : report_utilization -file fifo_generator_0_utilization_synth.rpt -pb fifo_generator_0_utilization_synth.pb
INFO: [Common 17-206] Exiting Vivado at Mon Nov 15 21:44:20 2021...
