Copyright 1986-2018 Xilinx, Inc. All Rights Reserved.
-------------------------------------------------------------------------------------------------------------------------------------------------
| Tool Version     : Vivado v.2018.3 (win64) Build 2405991 Thu Dec  6 23:38:27 MST 2018
| Date             : Mon Nov 15 23:48:17 2021
| Host             : DESKTOP-1TCF4DO running 64-bit major release  (build 9200)
| Command          : report_power -file streamout_power_routed.rpt -pb streamout_power_summary_routed.pb -rpx streamout_power_routed.rpx
| Design           : streamout
| Device           : xc7k325tffg900-2
| Design State     : routed
| Grade            : commercial
| Process          : typical
| Characterization : Production
-------------------------------------------------------------------------------------------------------------------------------------------------

Power Report

Table of Contents
-----------------
1. Summary
1.1 On-Chip Components
1.2 Power Supply Summary
1.3 Confidence Level
2. Settings
2.1 Environment
2.2 Clock Constraints
3. Detailed Reports
3.1 By Hierarchy

1. Summary
----------

+--------------------------+--------------+
| Total On-Chip Power (W)  | 0.300        |
| Design Power Budget (W)  | Unspecified* |
| Power Budget Margin (W)  | NA           |
| Dynamic (W)              | 0.137        |
| Device Static (W)        | 0.163        |
| Effective TJA (C/W)      | 1.8          |
| Max Ambient (C)          | 84.5         |
| Junction Temperature (C) | 25.5         |
| Confidence Level         | Low          |
| Setting File             | ---          |
| Simulation Activity File | ---          |
| Design Nets Matched      | NA           |
+--------------------------+--------------+
* Specify Design Power Budget using, set_operating_conditions -design_power_budget <value in Watts>


1.1 On-Chip Components
----------------------

+--------------------------+-----------+----------+-----------+-----------------+
| On-Chip                  | Power (W) | Used     | Available | Utilization (%) |
+--------------------------+-----------+----------+-----------+-----------------+
| Clocks                   |     0.013 |        8 |       --- |             --- |
| Slice Logic              |     0.001 |     4508 |       --- |             --- |
|   LUT as Logic           |    <0.001 |     1261 |    203800 |            0.62 |
|   Register               |    <0.001 |     2425 |    407600 |            0.59 |
|   LUT as Shift Register  |    <0.001 |      151 |     64000 |            0.24 |
|   CARRY4                 |    <0.001 |       56 |     50950 |            0.11 |
|   LUT as Distributed RAM |    <0.001 |       24 |     64000 |            0.04 |
|   F7/F8 Muxes            |    <0.001 |        3 |    203800 |           <0.01 |
|   Others                 |     0.000 |      300 |       --- |             --- |
| Signals                  |     0.002 |     3378 |       --- |             --- |
| Block RAM                |     0.011 |      9.5 |       445 |            2.13 |
| MMCM                     |     0.106 |        1 |        10 |           10.00 |
| I/O                      |     0.005 |       45 |       500 |            9.00 |
| Static Power             |     0.163 |          |           |                 |
| Total                    |     0.300 |          |           |                 |
+--------------------------+-----------+----------+-----------+-----------------+


1.2 Power Supply Summary
------------------------

+-----------+-------------+-----------+-------------+------------+
| Source    | Voltage (V) | Total (A) | Dynamic (A) | Static (A) |
+-----------+-------------+-----------+-------------+------------+
| Vccint    |       1.000 |     0.096 |       0.027 |      0.069 |
| Vccaux    |       1.800 |     0.087 |       0.059 |      0.028 |
| Vcco33    |       3.300 |     0.001 |       0.000 |      0.001 |
| Vcco25    |       2.500 |     0.000 |       0.000 |      0.000 |
| Vcco18    |       1.800 |     0.003 |       0.002 |      0.001 |
| Vcco15    |       1.500 |     0.000 |       0.000 |      0.000 |
| Vcco135   |       1.350 |     0.000 |       0.000 |      0.000 |
| Vcco12    |       1.200 |     0.000 |       0.000 |      0.000 |
| Vccaux_io |       1.800 |     0.000 |       0.000 |      0.000 |
| Vccbram   |       1.000 |     0.002 |       0.001 |      0.002 |
| MGTAVcc   |       1.000 |     0.000 |       0.000 |      0.000 |
| MGTAVtt   |       1.200 |     0.000 |       0.000 |      0.000 |
| MGTVccaux |       1.800 |     0.000 |       0.000 |      0.000 |
| Vccadc    |       1.800 |     0.020 |       0.000 |      0.020 |
+-----------+-------------+-----------+-------------+------------+


1.3 Confidence Level
--------------------

+-----------------------------+------------+--------------------------------------------------------+------------------------------------------------------------------------------------------------------------+
| User Input Data             | Confidence | Details                                                | Action                                                                                                     |
+-----------------------------+------------+--------------------------------------------------------+------------------------------------------------------------------------------------------------------------+
| Design implementation state | High       | Design is routed                                       |                                                                                                            |
| Clock nodes activity        | High       | User specified more than 95% of clocks                 |                                                                                                            |
| I/O nodes activity          | Low        | More than 75% of inputs are missing user specification | Provide missing input activity with simulation results or by editing the "By Resource Type -> I/Os" view   |
| Internal nodes activity     | Medium     | User specified less than 25% of internal nodes         | Provide missing internal nodes activity with simulation results or by editing the "By Resource Type" views |
| Device models               | High       | Device models are Production                           |                                                                                                            |
|                             |            |                                                        |                                                                                                            |
| Overall confidence level    | Low        |                                                        |                                                                                                            |
+-----------------------------+------------+--------------------------------------------------------+------------------------------------------------------------------------------------------------------------+


2. Settings
-----------

2.1 Environment
---------------

+-----------------------+--------------------------+
| Ambient Temp (C)      | 25.0                     |
| ThetaJA (C/W)         | 1.8                      |
| Airflow (LFM)         | 250                      |
| Heat Sink             | medium (Medium Profile)  |
| ThetaSA (C/W)         | 3.3                      |
| Board Selection       | medium (10"x10")         |
| # of Board Layers     | 12to15 (12 to 15 Layers) |
| Board Temperature (C) | 25.0                     |
+-----------------------+--------------------------+


2.2 Clock Constraints
---------------------

+--------------------------------------------------------------------------------------------+----------------------------------------------------------------------+-----------------+
| Clock                                                                                      | Domain                                                               | Constraint (ns) |
+--------------------------------------------------------------------------------------------+----------------------------------------------------------------------+-----------------+
| clk_out1_clk_wiz_0                                                                         | u1_sys_ctrl/uut_clk_wiz_0/inst/clk_out1_clk_wiz_0                    |            40.0 |
| clk_out2_clk_wiz_0                                                                         | u1_sys_ctrl/uut_clk_wiz_0/inst/clk_out2_clk_wiz_0                    |            10.0 |
| clk_out4_clk_wiz_0                                                                         | u1_sys_ctrl/uut_clk_wiz_0/inst/clk_out4_clk_wiz_0                    |            10.0 |
| clkfbout_clk_wiz_0                                                                         | u1_sys_ctrl/uut_clk_wiz_0/inst/clkfbout_clk_wiz_0                    |            20.0 |
| dbg_hub/inst/BSCANID.u_xsdbm_id/SWITCH_N_EXT_BSCAN.bscan_inst/SERIES7_BSCAN.bscan_inst/TCK | dbg_hub/inst/BSCANID.u_xsdbm_id/SWITCH_N_EXT_BSCAN.bscan_inst/tck_bs |            33.0 |
| u1_sys_ctrl/uut_clk_wiz_0/inst/clk_in1                                                     | sys_clk_i_IBUF                                                       |            20.0 |
+--------------------------------------------------------------------------------------------+----------------------------------------------------------------------+-----------------+


3. Detailed Reports
-------------------

3.1 By Hierarchy
----------------

+--------------------------+-----------+
| Name                     | Power (W) |
+--------------------------+-----------+
| streamout                |     0.137 |
|   dbg_hub                |     0.003 |
|     inst                 |     0.003 |
|       BSCANID.u_xsdbm_id |     0.003 |
|   u1_sys_ctrl            |     0.106 |
|     uut_clk_wiz_0        |     0.106 |
|       inst               |     0.106 |
|   u3_usb_controller      |     0.022 |
|     uut_ila              |     0.021 |
|       inst               |     0.021 |
+--------------------------+-----------+


